Arguments: 
  /Users/greyfinch/n/bin/node /Users/greyfinch/.yarn/bin/yarn.js add express express-validator bcryptjs config gravitar jsonwebtoken mongoose request

PATH: 
  /Users/greyfinch/.yarn/bin:/Users/greyfinch/.config/yarn/global/node_modules/.bin:/usr/local/bin:/usr/bin:/bin:/usr/sbin:/sbin:/Users/greyfinch/n/bin

Yarn version: 
  1.16.0

Node version: 
  12.4.0

Platform: 
  darwin x64

Trace: 
  Error: https://registry.yarnpkg.com/gravitar: Not found
      at Request.params.callback [as _callback] (/Users/greyfinch/.yarn/lib/cli.js:66091:18)
      at Request.self.callback (/Users/greyfinch/.yarn/lib/cli.js:129590:22)
      at Request.emit (events.js:200:13)
      at Request.<anonymous> (/Users/greyfinch/.yarn/lib/cli.js:130562:10)
      at Request.emit (events.js:200:13)
      at IncomingMessage.<anonymous> (/Users/greyfinch/.yarn/lib/cli.js:130484:12)
      at Object.onceWrapper (events.js:288:20)
      at IncomingMessage.emit (events.js:205:15)
      at endReadableNT (_stream_readable.js:1154:12)
      at processTicksAndRejections (internal/process/task_queues.js:84:9)

npm manifest: 
  {
    "name": "Back-End",
    "version": "1.0.0",
    "description": "Diary application",
    "main": "server.js",
    "author": "Nick <nick.moschos@greyfinch.com>",
    "license": "MIT"
  }

yarn manifest: 
  No manifest

Lockfile: 
  No lockfile
